  Using bundled DotNet SDK version: 6.0.302
  Running UnrealBuildTool: dotnet "..\..\Engine\Binaries\DotNET\UnrealBuildTool\UnrealBuildTool.dll" ToonTanksEditor Win64 Development -Project="D:\Unreal\ToonTanks\ToonTanks\ToonTanksProjectSetup_4.25\ToonTanks\ToonTanks.uproject" -WaitMutex -FromMsBuild
  Log file: C:\Users\Joe\AppData\Local\UnrealBuildTool\Log.txt
  Creating makefile for ToonTanksEditor (no existing makefile)
UnrealBuildTool : warning : Unable to find Visual Studio SDK. Editor integration will be disabled
  Building ToonTanksEditor...
  Using Visual Studio 2022 14.34.31943 toolchain (C:\Program Files\Microsoft Visual Studio\2022\Community\VC\Tools\MSVC\14.34.31933) and Windows 10.0.22621.0 SDK (C:\Program Files (x86)\Windows Kits\10).
  [Upgrade]
  [Upgrade] Using backward-compatible include order. The latest version of UE has changed the order of includes, which may require code changes. The current setting is:
  [Upgrade]     IncludeOrderVersion = EngineIncludeOrderVersion.Unreal5_0
  [Upgrade] Suppress this message by setting 'IncludeOrderVersion = EngineIncludeOrderVersion.Unreal5_2;' in ToonTanksEditor.Target.cs.
  [Upgrade] Alternatively you can set this to 'EngineIncludeOrderVersion.Latest' to always use the latest include order. This will potentially cause compile errors when integrating new versions of the engine.
  [Upgrade]
  Determining max actions to execute in parallel (6 physical cores, 12 logical cores)
    Executing up to 6 processes, one per physical core
    Requested 1.5 GB free memory per action, 5.89 GB available: limiting max parallel actions to 3
  Building 15 actions with 3 processes...
  [1/15] Resource Default.rc2
  [2/15] Compile [x64] SharedPCH.Engine.ShadowErrors.InclOrderUnreal5_0.cpp
  [3/15] Compile [x64] ToonTanks.cpp
  [4/15] Compile [x64] ToonTanks.init.gen.cpp
  [5/15] Compile [x64] TowerPawn.gen.cpp
  [6/15] Compile [x64] BasePawn.gen.cpp
  [7/15] Compile [x64] Projectile.cpp
  [8/15] Compile [x64] TankPawn.gen.cpp
  [9/15] Compile [x64] Projectile.gen.cpp
  [10/15] Compile [x64] TankPawn.cpp
  [11/15] Compile [x64] BasePawn.cpp
  [12/15] Compile [x64] TowerPawn.cpp
  [13/15] Link [x64] UnrealEditor-ToonTanks.lib
     Creating library D:\Unreal\ToonTanks\ToonTanks\ToonTanksProjectSetup_4.25\ToonTanks\Intermediate\Build\Win64\x64\UnrealEditor\Development\ToonTanks\UnrealEditor-ToonTanks.lib and object D:\Unreal\ToonTanks\ToonTanks\ToonTanksProjectSetup_4.25\ToonTanks\Intermediate\Build\Win64\x64\UnrealEditor\Development\ToonTanks\UnrealEditor-ToonTanks.exp
  [14/15] Link [x64] UnrealEditor-ToonTanks.dll
     Creating library D:\Unreal\ToonTanks\ToonTanks\ToonTanksProjectSetup_4.25\ToonTanks\Intermediate\Build\Win64\x64\UnrealEditor\Development\ToonTanks\UnrealEditor-ToonTanks.suppressed.lib and object D:\Unreal\ToonTanks\ToonTanks\ToonTanksProjectSetup_4.25\ToonTanks\Intermediate\Build\Win64\x64\UnrealEditor\Development\ToonTanks\UnrealEditor-ToonTanks.suppressed.exp
  [15/15] WriteMetadata ToonTanksEditor.target
  Total time in Parallel executor: 52.00 seconds
  Total execution time: 88.94 seconds
